=== Système de Gestion des Étudiants ===
1. Ajouter un étudiant
2. Modifier les notes d’un étudiant
3. Supprimer un étudiant
4. Afficher la moyenne d’un étudiant
5. Afficher les moyennes par matière
6. Afficher la moyenne de la promotion
7. Afficher les étudiants avec moyenne > 15
8. Afficher le classement
9. Générer et exporter le rapport
10. Recherche avancée
0. Quitter

Votre choix : 1
ID : 101
Nom : Dupont
Prénom : Alice
Notes (ex: Math,16;Python,14) : Math,16;Python,14
Étudiant ajouté : Dupont Alice

Votre choix : 1
ID : 102
Nom : Martin
Prénom : Léo
Notes (ex: Math,12;Python,17;Physique,15) : Math,12;Python,17;Physique,15
Étudiant ajouté : Martin Léo

Votre choix : 8
Classement :
1. [101] Dupont Alice - 15.0
2. [102] Martin Léo - 14.67

Votre choix : 9
Rapport exporté dans rapport_promotion.txt
